c:\users\huntees\desktop\computer-graphics\coursework\opengltemplate\x64\debug\vc142.pdb
c:\users\huntees\desktop\computer-graphics\coursework\opengltemplate\x64\debug\vc142.idb
c:\users\huntees\desktop\computer-graphics\coursework\opengltemplate\x64\debug\vertexbufferobjectindexed.obj
c:\users\huntees\desktop\computer-graphics\coursework\opengltemplate\x64\debug\vertexbufferobject.obj
c:\users\huntees\desktop\computer-graphics\coursework\opengltemplate\x64\debug\texture.obj
c:\users\huntees\desktop\computer-graphics\coursework\opengltemplate\x64\debug\tetrahedron.obj
c:\users\huntees\desktop\computer-graphics\coursework\opengltemplate\x64\debug\sphere.obj
c:\users\huntees\desktop\computer-graphics\coursework\opengltemplate\x64\debug\skybox.obj
c:\users\huntees\desktop\computer-graphics\coursework\opengltemplate\x64\debug\shaders.obj
c:\users\huntees\desktop\computer-graphics\coursework\opengltemplate\x64\debug\plane.obj
c:\users\huntees\desktop\computer-graphics\coursework\opengltemplate\x64\debug\openassetimportmesh.obj
c:\users\huntees\desktop\computer-graphics\coursework\opengltemplate\x64\debug\matrixstack.obj
c:\users\huntees\desktop\computer-graphics\coursework\opengltemplate\x64\debug\highresolutiontimer.obj
c:\users\huntees\desktop\computer-graphics\coursework\opengltemplate\x64\debug\gamewindow.obj
c:\users\huntees\desktop\computer-graphics\coursework\opengltemplate\x64\debug\game.obj
c:\users\huntees\desktop\computer-graphics\coursework\opengltemplate\x64\debug\freetypefont.obj
c:\users\huntees\desktop\computer-graphics\coursework\opengltemplate\x64\debug\cubemap.obj
c:\users\huntees\desktop\computer-graphics\coursework\opengltemplate\x64\debug\cube.obj
c:\users\huntees\desktop\computer-graphics\coursework\opengltemplate\x64\debug\catmullrom.obj
c:\users\huntees\desktop\computer-graphics\coursework\opengltemplate\x64\debug\camera.obj
c:\users\huntees\desktop\computer-graphics\coursework\opengltemplate\x64\debug\audio.obj
c:\users\huntees\desktop\computer-graphics\coursework\x64\debug\opengltemplate.exe
c:\users\huntees\desktop\computer-graphics\coursework\x64\debug\opengltemplate.ilk
c:\users\huntees\desktop\computer-graphics\coursework\x64\debug\opengltemplate.pdb
c:\users\huntees\desktop\computer-graphics\coursework\x64\debug\opengltemplate.lib
c:\users\huntees\desktop\computer-graphics\coursework\x64\debug\opengltemplate.exp
c:\users\huntees\desktop\graphics-coursework\coursework\opengltemplate\x64\debug\audio.obj
c:\users\huntees\desktop\graphics-coursework\coursework\opengltemplate\x64\debug\camera.obj
c:\users\huntees\desktop\graphics-coursework\coursework\opengltemplate\x64\debug\catmullrom.obj
c:\users\huntees\desktop\graphics-coursework\coursework\opengltemplate\x64\debug\cube.obj
c:\users\huntees\desktop\graphics-coursework\coursework\opengltemplate\x64\debug\cubemap.obj
c:\users\huntees\desktop\graphics-coursework\coursework\opengltemplate\x64\debug\freetypefont.obj
c:\users\huntees\desktop\graphics-coursework\coursework\opengltemplate\x64\debug\game.obj
c:\users\huntees\desktop\graphics-coursework\coursework\opengltemplate\x64\debug\gamewindow.obj
c:\users\huntees\desktop\graphics-coursework\coursework\opengltemplate\x64\debug\highresolutiontimer.obj
c:\users\huntees\desktop\graphics-coursework\coursework\opengltemplate\x64\debug\matrixstack.obj
c:\users\huntees\desktop\graphics-coursework\coursework\opengltemplate\x64\debug\openassetimportmesh.obj
c:\users\huntees\desktop\graphics-coursework\coursework\opengltemplate\x64\debug\plane.obj
c:\users\huntees\desktop\graphics-coursework\coursework\opengltemplate\x64\debug\shaders.obj
c:\users\huntees\desktop\graphics-coursework\coursework\opengltemplate\x64\debug\skybox.obj
c:\users\huntees\desktop\graphics-coursework\coursework\opengltemplate\x64\debug\sphere.obj
c:\users\huntees\desktop\graphics-coursework\coursework\opengltemplate\x64\debug\tetrahedron.obj
c:\users\huntees\desktop\graphics-coursework\coursework\opengltemplate\x64\debug\texture.obj
c:\users\huntees\desktop\graphics-coursework\coursework\opengltemplate\x64\debug\vertexbufferobject.obj
c:\users\huntees\desktop\graphics-coursework\coursework\opengltemplate\x64\debug\vertexbufferobjectindexed.obj
c:\users\huntees\desktop\graphics-coursework\coursework\opengltemplate\x64\debug\vc142.idb
c:\users\huntees\desktop\graphics-coursework\coursework\opengltemplate\x64\debug\vc142.pdb
c:\users\huntees\desktop\graphics-coursework\coursework\x64\debug\opengltemplate.pdb
c:\users\huntees\desktop\graphics-coursework\coursework\x64\debug\opengltemplate.exe
c:\users\huntees\desktop\graphics-coursework\coursework\x64\debug\opengltemplate.ilk
c:\users\huntees\desktop\graphics-coursework\coursework\opengltemplate\x64\debug\opengltemplate.tlog\cl.command.1.tlog
c:\users\huntees\desktop\graphics-coursework\coursework\opengltemplate\x64\debug\opengltemplate.tlog\cl.read.1.tlog
c:\users\huntees\desktop\graphics-coursework\coursework\opengltemplate\x64\debug\opengltemplate.tlog\cl.write.1.tlog
c:\users\huntees\desktop\graphics-coursework\coursework\opengltemplate\x64\debug\opengltemplate.tlog\link.command.1.tlog
c:\users\huntees\desktop\graphics-coursework\coursework\opengltemplate\x64\debug\opengltemplate.tlog\link.read.1.tlog
c:\users\huntees\desktop\graphics-coursework\coursework\opengltemplate\x64\debug\opengltemplate.tlog\link.write.1.tlog
c:\users\huntees\desktop\graphics-coursework\coursework\opengltemplate\x64\debug\opengltemplate.tlog\opengltemplate.write.1u.tlog
